2017-05-24 09:43:15
Import start

2017-05-24 09:53:12
Import start

Sorry, that username already exists!
Failed to create new user for admin. Their posts will be attributed to the current user
Media "post-img9" already exists
Media "post-img13" already exists
Media "post-img15" already exists
Media "post-img16" already exists
Media "post-img17" already exists
Media "business_1" already exists
Media "business_2" already exists
Media "business_4" already exists
Media "business_5" already exists
Media "business_6" already exists
Media "business_7" already exists
Media "med235022" already exists
Media "img1" already exists
Media "post-img1" already exists
Media "post-img2" already exists
Media "post-img9" already exists
Media "post-img7" already exists
Media "post-img8" already exists
Media "post-img16" already exists
Media "post-img17" already exists
Media "post-img18" already exists
Media "client-1" already exists
Media "client-2" already exists
Media "client-3" already exists
Media "client-4" already exists
Media "client-5" already exists
Media "slide1" already exists
Media "slide2" already exists
Media "slide3" already exists
Media "slide4" already exists
Media "slide5" already exists
Media "sound1" already exists
Media "sound2" already exists
Remote server returned error response %1$d %2$s 502Bad Gateway
Remote server returned error response 502 Bad Gateway 
Failed to import Media "video2"
2017-05-24 10:00:08
Import start

Sorry, that username already exists!
Failed to create new user for admin. Their posts will be attributed to the current user
Media "post-img9" already exists
Media "post-img13" already exists
Media "post-img15" already exists
Media "post-img16" already exists
Media "post-img17" already exists
Media "business_1" already exists
Media "business_2" already exists
Media "business_4" already exists
Media "business_5" already exists
Media "business_6" already exists
Media "business_7" already exists
Media "med235022" already exists
Media "img1" already exists
Media "post-img1" already exists
Media "post-img2" already exists
Media "post-img9" already exists
Media "post-img7" already exists
Media "post-img8" already exists
Media "post-img16" already exists
Media "post-img17" already exists
Media "post-img18" already exists
Media "client-1" already exists
Media "client-2" already exists
Media "client-3" already exists
Media "client-4" already exists
Media "client-5" already exists
Media "slide1" already exists
Media "slide2" already exists
Media "slide3" already exists
Media "slide4" already exists
Media "slide5" already exists
Media "sound1" already exists
Media "sound2" already exists
Media "video1" already exists
Remote server returned error response %1$d %2$s 502Bad Gateway
Remote server returned error response 502 Bad Gateway 
Failed to import Media "video2"
Media "video3" already exists
Media "Depositphotos_5001763_original" already exists
Media "Depositphotos_12466402_original" already exists
Media "Woman in hat over blurred background." already exists
Media "Glamour couple in sunglasses" already exists
Media "Depositphotos_4489877_original" already exists
Media "Beautiful girl" already exists
Media "about-top" already exists
Media "about" already exists
Media "Photo of beautiful woman with magnificent hair" already exists
Media "saf" already exists
Media "bac" already exists
Media "slide2" already exists
Media "slide3" already exists
Media "slide4" already exists
Media "slide1" already exists
2017-05-24 10:11:06
Import start

Sorry, that username already exists!
Failed to create new user for admin. Their posts will be attributed to the current user
Media "post-img9" already exists
Media "post-img13" already exists
Media "post-img15" already exists
Media "post-img16" already exists
Media "post-img17" already exists
Media "business_1" already exists
Media "business_2" already exists
Media "business_4" already exists
Media "business_5" already exists
Media "business_6" already exists
Media "business_7" already exists
Media "med235022" already exists
Media "img1" already exists
Media "post-img1" already exists
Media "post-img2" already exists
Media "post-img9" already exists
Media "post-img7" already exists
Media "post-img8" already exists
Media "post-img16" already exists
Media "post-img17" already exists
Media "post-img18" already exists
Media "client-1" already exists
Media "client-2" already exists
Media "client-3" already exists
Media "client-4" already exists
Media "client-5" already exists
Media "slide1" already exists
Media "slide2" already exists
Media "slide3" already exists
Media "slide4" already exists
Media "slide5" already exists
Media "sound1" already exists
Media "sound2" already exists
Media "video1" already exists
Remote server returned error response %1$d %2$s 502Bad Gateway
Remote server returned error response 502 Bad Gateway 
Failed to import Media "video2"
Media "video3" already exists
Media "Depositphotos_5001763_original" already exists
Media "Depositphotos_12466402_original" already exists
Media "Woman in hat over blurred background." already exists
Media "Glamour couple in sunglasses" already exists
Media "Depositphotos_4489877_original" already exists
Media "Beautiful girl" already exists
Media "about-top" already exists
Media "about" already exists
Media "Photo of beautiful woman with magnificent hair" already exists
Media "saf" already exists
Media "bac" already exists
Media "slide2" already exists
Media "slide3" already exists
Media "slide4" already exists
Media "slide1" already exists
Media "Red-ripe temptation." already exists
Media "Depositphotos_5854379_original" already exists
Media "Fashion model with halloween makeup and" already exists
Media "Depositphotos_13131238_original" already exists
Media "Depositphotos_14283651_original" already exists
Media "Depositphotos_20011365_original" already exists
Media "Depositphotos_3520850_original" already exists
Media "Sexy girl with tattoos" already exists
Media "Photo of beautiful woman with magnificent hair" already exists
Media "Depositphotos_4579154_original" already exists
Media "Depositphotos_4106413_original" already exists
Media "Depositphotos_4917162_original" already exists
Media "Depositphotos_3520850_original" already exists
Media "Sexy girl with tattoos" already exists
Media "Photo of beautiful woman with magnificent hair" already exists
Media "Depositphotos_4579154_original" already exists
Media "Depositphotos_4917162_original" already exists
